<?xml version="1.0" encoding="UTF-8"?>
<robot generator="Robot 3.1.2 (Python 3.7.1 on win32)" generated="20200329 15:48:32.903" rpa="false">
<suite id="s1" name="TestSuite1" source="C:\Users\bhagwman\eclipse-workspace\RobotProject1\testProject\TestSuite1.robot">
<kw name="Log" library="BuiltIn" type="setup">
<doc>Logs the given message with the given level.</doc>
<arguments>
<arg>I am inside Test Suite SetUp</arg>
</arguments>
<msg timestamp="20200329 15:48:33.136" level="INFO">I am inside Test Suite SetUp</msg>
<status status="PASS" starttime="20200329 15:48:33.136" endtime="20200329 15:48:33.136"></status>
</kw>
<test id="s1-t1" name="MySecondTest">
<kw name="Log" library="BuiltIn" type="setup">
<doc>Logs the given message with the given level.</doc>
<arguments>
<arg>I am inside Test SetUp</arg>
</arguments>
<msg timestamp="20200329 15:48:33.137" level="INFO">I am inside Test SetUp</msg>
<status status="PASS" starttime="20200329 15:48:33.137" endtime="20200329 15:48:33.137"></status>
</kw>
<kw name="Log" library="BuiltIn">
<doc>Logs the given message with the given level.</doc>
<arguments>
<arg>I am inside 2nd test</arg>
</arguments>
<msg timestamp="20200329 15:48:33.138" level="INFO">I am inside 2nd test</msg>
<status status="PASS" starttime="20200329 15:48:33.138" endtime="20200329 15:48:33.138"></status>
</kw>
<kw name="Set Tags" library="BuiltIn">
<doc>Adds given ``tags`` for the current test or all tests in a suite.</doc>
<arguments>
<arg>Regression</arg>
</arguments>
<msg timestamp="20200329 15:48:33.139" level="INFO">Set tag 'Regression'.</msg>
<status status="PASS" starttime="20200329 15:48:33.138" endtime="20200329 15:48:33.139"></status>
</kw>
<kw name="Remove Tags" library="BuiltIn">
<doc>Removes given ``tags`` from the current test or all tests in a suite.</doc>
<arguments>
<arg>Regression</arg>
</arguments>
<msg timestamp="20200329 15:48:33.140" level="INFO">Removed tag 'Regression'.</msg>
<status status="PASS" starttime="20200329 15:48:33.139" endtime="20200329 15:48:33.140"></status>
</kw>
<kw name="Log" library="BuiltIn" type="teardown">
<doc>Logs the given message with the given level.</doc>
<arguments>
<arg>I am inside Test TearDown</arg>
</arguments>
<msg timestamp="20200329 15:48:33.141" level="INFO">I am inside Test TearDown</msg>
<status status="PASS" starttime="20200329 15:48:33.141" endtime="20200329 15:48:33.141"></status>
</kw>
<tags>
<tag>Acceptance</tag>
</tags>
<status status="PASS" starttime="20200329 15:48:33.137" endtime="20200329 15:48:33.141" critical="yes"></status>
</test>
<kw name="Log" library="BuiltIn" type="teardown">
<doc>Logs the given message with the given level.</doc>
<arguments>
<arg>I am inside Test Suite TearDown</arg>
</arguments>
<msg timestamp="20200329 15:48:33.144" level="INFO">I am inside Test Suite TearDown</msg>
<status status="PASS" starttime="20200329 15:48:33.143" endtime="20200329 15:48:33.144"></status>
</kw>
<status status="PASS" starttime="20200329 15:48:32.904" endtime="20200329 15:48:33.144"></status>
</suite>
<statistics>
<total>
<stat pass="1" fail="0">Critical Tests</stat>
<stat pass="1" fail="0">All Tests</stat>
</total>
<tag>
<stat pass="1" fail="0">Acceptance</stat>
</tag>
<suite>
<stat pass="1" fail="0" id="s1" name="TestSuite1">TestSuite1</stat>
</suite>
</statistics>
<errors>
</errors>
</robot>
